Построение начато 22.06.2013 3:18:23.
     1>Проект "C:\Users\codeserfer\Documents\Visual Studio 2012\Projects\lab 2 new\lab 2 new\lab 2 new.vcxproj" в узле 2 (целевые объекты Build).
     1>ClCompile:
         C:\Program Files (x86)\Microsoft Visual Studio 11.0\VC\bin\CL.exe /c /ZI /nologo /W3 /WX- /sdl /Od /Oy- /D WIN32 /D _DEBUG /D _CONSOLE /D _UNICODE /D UNICODE /Gm /EHsc /RTC1 /MDd /GS /fp:precise /Zc:wchar_t /Zc:forScope /Yu"stdafx.h" /Fp"Debug\lab 2 new.pch" /Fo"Debug\\" /Fd"Debug\vc110.pdb" /Gd /TP /analyze- /errorReport:prompt "lab 2 new.cpp" list.cpp
         list.cpp
     1>c:\users\codeserfer\documents\visual studio 2012\projects\lab 2 new\lab 2 new\list.cpp(95): warning C4018: <: несоответствие типов со знаком и без знака
     1>c:\users\codeserfer\documents\visual studio 2012\projects\lab 2 new\lab 2 new\list.cpp(113): warning C4018: <: несоответствие типов со знаком и без знака
     1>c:\users\codeserfer\documents\visual studio 2012\projects\lab 2 new\lab 2 new\list.cpp(114): warning C4244: +=: преобразование "double" в "int", возможна потеря данных
     1>c:\users\codeserfer\documents\visual studio 2012\projects\lab 2 new\lab 2 new\list.cpp(127): warning C4018: <: несоответствие типов со знаком и без знака
     1>c:\users\codeserfer\documents\visual studio 2012\projects\lab 2 new\lab 2 new\list.cpp(178): warning C4018: <: несоответствие типов со знаком и без знака
     1>c:\users\codeserfer\documents\visual studio 2012\projects\lab 2 new\lab 2 new\list.cpp(180): warning C4018: <: несоответствие типов со знаком и без знака
     1>c:\users\codeserfer\documents\visual studio 2012\projects\lab 2 new\lab 2 new\list.cpp(207): warning C4018: <: несоответствие типов со знаком и без знака
     1>c:\users\codeserfer\documents\visual studio 2012\projects\lab 2 new\lab 2 new\list.cpp(209): warning C4018: <: несоответствие типов со знаком и без знака
         Создание кода...
     1>c:\users\codeserfer\documents\visual studio 2012\projects\lab 2 new\lab 2 new\list.cpp(1126): warning C4715: list::unique: значение возвращается не при всех путях выполнения
     1>c:\users\codeserfer\documents\visual studio 2012\projects\lab 2 new\lab 2 new\list.cpp(513): warning C4715: list::print: значение возвращается не при всех путях выполнения
         Пропуск... (изменения не обнаружены)
         lab 2 new.cpp
       Link:
         C:\Program Files (x86)\Microsoft Visual Studio 11.0\VC\bin\link.exe /ERRORREPORT:PROMPT /OUT:"C:\Users\codeserfer\Documents\Visual Studio 2012\Projects\lab 2 new\Debug\lab 2 new.exe" /INCREMENTAL /NOLOGO kernel32.lib user32.lib gdi32.lib winspool.lib comdlg32.lib advapi32.lib shell32.lib ole32.lib oleaut32.lib uuid.lib odbc32.lib odbccp32.lib /MANIFEST /MANIFESTUAC:"level='asInvoker' uiAccess='false'" /manifest:embed /DEBUG /PDB:"C:\Users\codeserfer\Documents\Visual Studio 2012\Projects\lab 2 new\Debug\lab 2 new.pdb" /SUBSYSTEM:CONSOLE /TLBID:1 /DYNAMICBASE /NXCOMPAT /IMPLIB:"C:\Users\codeserfer\Documents\Visual Studio 2012\Projects\lab 2 new\Debug\lab 2 new.lib" /MACHINE:X86 "Debug\lab 2 new.obj"
         Debug\list.obj
         Debug\stdafx.obj
         lab 2 new.vcxproj -> C:\Users\codeserfer\Documents\Visual Studio 2012\Projects\lab 2 new\Debug\lab 2 new.exe
     1>Построение проекта "C:\Users\codeserfer\Documents\Visual Studio 2012\Projects\lab 2 new\lab 2 new\lab 2 new.vcxproj" завершено (целевые объекты Build).

Построение успешно завершено.

Затраченное время: 00:00:14.34
